<?xml version="1.0" encoding="UTF-8"?>
<testsuite name="br.com.codenation.service.OrderServiceTest" tests="4" skipped="0" failures="0" errors="0" timestamp="2020-03-29T19:49:16" hostname="iagoprior-desktop" time="0.078">
  <properties/>
  <testcase name="testCalculateMultipleOrders" classname="br.com.codenation.service.OrderServiceTest" time="0.065"/>
  <testcase name="testGroupProducts" classname="br.com.codenation.service.OrderServiceTest" time="0.009"/>
  <testcase name="testFindProductsById" classname="br.com.codenation.service.OrderServiceTest" time="0.002"/>
  <testcase name="testCalculateOrderValue" classname="br.com.codenation.service.OrderServiceTest" time="0.0"/>
  <system-out><![CDATA[]]></system-out>
  <system-err><![CDATA[]]></system-err>
</testsuite>
